<?xml version="1.0" encoding="UTF-8"?>
<!-- Generated by org.testng.reporters.JUnitXMLReporter -->
<testsuite ignored="0" hostname="Abdelatifs-MacBook-Pro.local" failures="0" tests="3" name="Surefire test" time="42.599" errors="0" timestamp="2023-11-26T22:14:06 PST">
  <testcase classname="com.qacart.todo.testcases.LoginTest" name="shouldBeAbleToLoginWithEmailAndPassword" time="6.142"/>
  <testcase classname="com.qacart.todo.testcases.TodoTest" name="shouldBeAbleToAddNewTodo" time="20.58"/>
  <testcase classname="com.qacart.todo.testcases.TodoTest" name="shouldBeAbleToDeleteTodo" time="21.023"/>
</testsuite> <!-- Surefire test -->
