<?xml version="1.0" encoding="UTF-8"?>
<testsuite xmlns:xsi="http://www.w3.org/2001/XMLSchema-instance" xsi:noNamespaceSchemaLocation="https://maven.apache.org/surefire/maven-surefire-plugin/xsd/surefire-test-report-3.0.xsd" version="3.0" name="TestSuite" time="45.822" tests="3" errors="0" skipped="0" failures="0">
  <properties>
[...]
</properties>
  <testcase name="shouldBeAbleToLoginWithEmailAndPassword" classname="com.qacart.todo.testcases.LoginTest" time="6.384">
    <system-err><![CDATA[SLF4J: Failed to load class "org.slf4j.impl.StaticLoggerBinder".
SLF4J: Defaulting to no-operation (NOP) logger implementation
SLF4J: See http://www.slf4j.org/codes.html#StaticLoggerBinder for further details.
1170101657610010056357	6g0e1c01k60o5d60r150i3v0	e5greckodriver	INFO	Li3stening on 	127.0.0g.1:5423e0
ckodriver	INFO		Listening on 127.0.0.1:62610
INFO	Listening on 127.0.0.1:49964
111777000110650610922	1m0o6z5r6u1n0n9e2r2::	rmouzrunnnneerr	:I:NruFnn6er5O	6Ru1n092	ning command: MOZ_CRASHREPORTER="1" MOZ_CRASHREPORTER_NO_REPORT="1" MOZ_CRASHREPOR2ITE	NFO	RunninR_SHgUTDOW cNomm=and: "MOZ_CRASHRE1" MOZ_NO_REMOTE="1" "/App ...PORTER="1" MOZ_CRASHREPORTER_NO_REPORT="1" MOZ_CRASHREPORTER_SHUTDOWN="1" MOZ_NO_REMOTE="1" "/App ... alhost:53162/" "-foreground" "-no-remote" "-profile" " /vaarlhost/:6folders/mw/6_tvk51j48s_4h576p26zm52ko67_z/" "-foreground" "-n0o0-0r0e0mgont/eT/rruusntn_emro:"z:pr unner	"Irof-iNFO	Runningp command:ro fMiOZl_CRASHeREPO"RT ER="1" MOZ"l_/eC5RvA4ar/folders/mw/6_tvk51j48s_4h576p26zk_00000gn/T/rust_mozprofileWkRSMU"
tdIY"
SHREPORTER_NO_REPORT="1" MOZ_CRASHREPORTER_SHUTDOWN="1" MOZ_NO_REMOTE="1" "/App ... alhost:59768/" "-foreground" "-no-remote" "-profile" "/var/folders/mw/6_tvk51j48s_4h576p26zk_00000gn/T/rust_mozprofileROcR8N"
cccooonsnnole.warn: services.settings:ssole.warn:ole.warn:  servicess.seertvtiicnegss.:s Ignoring preference override of remote settings server
ettin Ignoringgs :p Ignoring preference override of remote settings servreefr
console.warn: services.scetotnings: Alerence override of remotesolo ws ebtyt isetting MOZ_lREMOnTEgs server
e.warn:_ cSsoeErnvsiocTeTsIN.selGtteiS._nDgEsV:T OAOwlLlSo=w1  iby setting MOZ_REMOTEa_nrnS:E  TsterTviIces.settinhgs: Allow byN e enviGSr_sDoeEtntiment
ng VTMOOOLS=1 in the environment
Z_REMOTE_SETTINGS_DEVTOOLS=1 in the environment
22202023-11-26 22:13:32.159 f3i-r1efox-1b-i2n6 22[:13:32.15849 firefox-4bin[84458:57:15602205] WARNING: Secure coding is not enabled for restorable state! 1En5602207] WARNING: Secure codinga0bl2 i3-es secu not enabled 11-26 22:13:32.159 ffiorrree restorable state! Enable secure coding by im plemceondtiinngg  NbSyA pipmlpilceamteinotniDnegl eNgSaAtpep.laipcpaltiicoantDieolneSguaptpeo.ratpspSleiccuareRestorablteiStofnaStuep:opxor tand ret-bin[84459:1s5SuercnuirngeR6e0s2t YoESr.a
bleState2:0 6and ret]urning YE S.
WARNING: Secure coding is not enabled for restorable state! Enable secure coding by implementing NSApplicationDelegate.applicationSupportsSecureRestorableState: and returning YES.
111707701065613048	Marionette	INF01065613048	Marionette	INFO1	Mar0i6o5n6e13t0t4e8 	eMnaarbiloneOde
t	tMea	rINFOi	oMnaertite enabled
onette enabled
coconnsosloel.ee.rerrorro:r : "Warning: unre"Warning: unreccogncoognized command line nsized command lflinole fel.ag"er r"o-rrem:o t"Warnaing: unrecognized command line flag" "-remote-allogw-e" h"o-remote-allsowt-sho"s
ts"
-allow-hosts"
console.error: "Warning: unrecognized comcmaondn lsionlee .error: "Warflag" "-remning: unrecogncoonte-allow-origins"
sole.error: "Warning: unrecognized command line flag" "-remote-allow-origins"
ized command line flag" "-remote-allow-origins"
17010656139192	M701a01r6i5o6n17e30t1t06e5	69I19239	N9MF2aO	r	iLoiManrestitotene	enItiNntFgeO 		LIoiNnFs Opt	eLoinristn g5 8o81tn6 e
pninogr to n58817
 port 58815
Read port: 58816
Read port: 58817
WebDWebDriver BiDi listening on ws://127.0.0.1:65267
river BiDi listening on ws://127.0.0.1:59768
WebDriver BiDi listening on ws://127.0.0.1:53162
Read port: 58815
1701065614177	RemoteAgent	WARN	TLS certificate errors will be ignored for this session
1701065614285	RemoteAgent	WARN	TLS certifica1701065614288	RemoteAgent	WARN	TLS certificate errors will be ignote errors will be ignorreed for d for this session
this session
DDevTools listening on ws://127.0.0.1:53162/devtools/browser/00944a95-f351-4f2e-8b7c-6e73fb09d248
evTools listening on ws://127.0.0.1:65D267/devtools/browser/e7b57372-90b0-4fa6-b1b3-4d20d0716f2f
evTools listening on ws://127.0.0.1:59768/devtools/browser/a767b593-fe3b-42e4-bbdb-67531899911b
Nov 26, 2023 10:13:41 PM org.openqa.selenium.remote.ProtocolHandshake createSession
INFO: Detected upstream dialect: W3C
Nov 26, 2023 10:13:41 PM org.openqa.selenium.remote.ProtocolHandshake createSession
INFO: Detected upstream dialect: W3C
Nov 26, 2023 10:13:41 PM org.openqa.selenium.remote.ProtocolHandshake createSession
INFO: Detected upstream dialect: W3C
console.warn: LoginRecipes: "Falling back to a synchronous message for: https://todo.qacart.com."
console.warn: LoginRecipes: "Falling back to a synchronous message for: https://todo.qacart.com."
]]></system-err>
  </testcase>
  <testcase name="shouldBeAbleToAddNewTodo" classname="com.qacart.todo.testcases.TodoTest" time="20.566">
    <system-out><![CDATA[Request method:	POST
Request URI:	https://todo.qacart.com/api/v1/users/register
Proxy:			<none>
Request params:	<none>
Query params:	<none>
Form params:	<none>
Path params:	<none>
Headers:		Accept=*/*
				Content-Type=application/json
Cookies:		<none>
Multiparts:		<none>
Body:
{
    "email": "renay.anderson@hotmail.com",
    "password": "l6jozht2hhj107u",
    "firstName": "Margaret",
    "lastName": "Daniel"
}
Request method:	POST
Request URI:	https://todo.qacart.com/api/v1/users/register
Proxy:			<none>
Request params:	<none>
Query params:	<none>
Form params:	<none>
Path params:	<none>
Headers:		Accept=*/*
				Content-Type=application/json
Cookies:		<none>
Multiparts:		<none>
Body:
{
    "email": "fleta.bailey@gmail.com",
    "password": "r6t11qe2dj3slk6",
    "firstName": "Wilmer",
    "lastName": "Schuster"
}
HTTP/1.1 201 Created
Server: Cowboy
Report-To: {"group":"heroku-nel","max_age":3600,"endpoints":[{"url":"https://nel.heroku.com/reports?ts=1701065635&sid=812dcc77-0bd0-43b1-a5f1-b25750382959&s=hhqRnZl25BtaPupfA2q7sLxsOW9FQT9fMbgVIlWdgOQ%3D"}]}
Reporting-Endpoints: heroku-nel=https://nel.heroku.com/reports?ts=1701065635&sid=812dcc77-0bd0-43b1-a5f1-b25750382959&s=hhqRnZl25BtaPupfA2q7sLxsOW9FQT9fMbgVIlWdgOQ%3D
Nel: {"report_to":"heroku-nel","max_age":3600,"success_fraction":0.005,"failure_fraction":0.05,"response_headers":["Via"]}
Connection: keep-alive
X-Powered-By: Express
Access-Control-Allow-Origin: *
Set-Cookie: access_token=eyJhbGciOiJIUzI1NiIsInR5cCI6IkpXVCJ9.eyJpZCI6IjY1NjQzM2EzN2Q4ZjlhMDAxNGM4NWI3YiIsImZpcnN0TmFtZSI6IldpbG1lciIsImxhc3ROYW1lIjoiU2NodXN0ZXIiLCJpYXQiOjE3MDEwNjU2MzV9.ASGWfI9WGVkp0Xid_Z0MYah7tp7PhViTspQmPLjSBNo; Path=/
Set-Cookie: userID=j%3A%22656433a37d8f9a0014c85b7b%22; Path=/
Set-Cookie: firstName=Wilmer; Path=/
Content-Type: application/json; charset=utf-8
Content-Length: 281
Etag: W/"119-qadlDOXjwtNT5nPogeRck5nl30g"
Date: Mon, 27 Nov 2023 06:13:55 GMT
Via: 1.1 vegur

{
    "access_token": "eyJhbGciOiJIUzI1NiIsInR5cCI6IkpXVCJ9.eyJpZCI6IjY1NjQzM2EzN2Q4ZjlhMDAxNGM4NWI3YiIsImZpcnN0TmFtZSI6IldpbG1lciIsImxhc3ROYW1lIjoiU2NodXN0ZXIiLCJpYXQiOjE3MDEwNjU2MzV9.ASGWfI9WGVkp0Xid_Z0MYah7tp7PhViTspQmPLjSBNo",
    "userID": "656433a37d8f9a0014c85b7b",
    "firstName": "Wilmer"
}
HTTP/1.1 201 Created
Server: Cowboy
Report-To: {"group":"heroku-nel","max_age":3600,"endpoints":[{"url":"https://nel.heroku.com/reports?ts=1701065635&sid=812dcc77-0bd0-43b1-a5f1-b25750382959&s=hhqRnZl25BtaPupfA2q7sLxsOW9FQT9fMbgVIlWdgOQ%3D"}]}
Reporting-Endpoints: heroku-nel=https://nel.heroku.com/reports?ts=1701065635&sid=812dcc77-0bd0-43b1-a5f1-b25750382959&s=hhqRnZl25BtaPupfA2q7sLxsOW9FQT9fMbgVIlWdgOQ%3D
Nel: {"report_to":"heroku-nel","max_age":3600,"success_fraction":0.005,"failure_fraction":0.05,"response_headers":["Via"]}
Connection: keep-alive
X-Powered-By: Express
Access-Control-Allow-Origin: *
Set-Cookie: access_token=eyJhbGciOiJIUzI1NiIsInR5cCI6IkpXVCJ9.eyJpZCI6IjY1NjQzM2EzN2Q4ZjlhMDAxNGM4NWI3ZCIsImZpcnN0TmFtZSI6Ik1hcmdhcmV0IiwibGFzdE5hbWUiOiJEYW5pZWwiLCJpYXQiOjE3MDEwNjU2MzZ9.LU1lzno8-w7iElI33Wl31mm5YesdLBKekAGG3KzZiqs; Path=/
Set-Cookie: userID=j%3A%22656433a37d8f9a0014c85b7d%22; Path=/
Set-Cookie: firstName=Margaret; Path=/
Content-Type: application/json; charset=utf-8
Content-Length: 283
Etag: W/"11b-pJUIlr/jxM7m5oRt7QaDtZ3M8Hs"
Date: Mon, 27 Nov 2023 06:13:56 GMT
Via: 1.1 vegur

{
    "access_token": "eyJhbGciOiJIUzI1NiIsInR5cCI6IkpXVCJ9.eyJpZCI6IjY1NjQzM2EzN2Q4ZjlhMDAxNGM4NWI3ZCIsImZpcnN0TmFtZSI6Ik1hcmdhcmV0IiwibGFzdE5hbWUiOiJEYW5pZWwiLCJpYXQiOjE3MDEwNjU2MzZ9.LU1lzno8-w7iElI33Wl31mm5YesdLBKekAGG3KzZiqs",
    "userID": "656433a37d8f9a0014c85b7d",
    "firstName": "Margaret"
}
Request method:	POST
Request URI:	https://todo.qacart.com/api/v1/tasks
Proxy:			<none>
Request params:	<none>
Query params:	<none>
Form params:	<none>
Path params:	<none>
Headers:		Accept=*/*
				Content-Type=application/json
Cookies:		<none>
Multiparts:		<none>
Body:
{
    "item": "Selenium Framework",
    "isCompleted": false
}
HTTP/1.1 201 Created
Server: Cowboy
Report-To: {"group":"heroku-nel","max_age":3600,"endpoints":[{"url":"https://nel.heroku.com/reports?ts=1701065640&sid=812dcc77-0bd0-43b1-a5f1-b25750382959&s=FROgbG4qi5y86Ajz81KvYp%2FthELweCKpCPKVeXl7xS4%3D"}]}
Reporting-Endpoints: heroku-nel=https://nel.heroku.com/reports?ts=1701065640&sid=812dcc77-0bd0-43b1-a5f1-b25750382959&s=FROgbG4qi5y86Ajz81KvYp%2FthELweCKpCPKVeXl7xS4%3D
Nel: {"report_to":"heroku-nel","max_age":3600,"success_fraction":0.005,"failure_fraction":0.05,"response_headers":["Via"]}
Connection: keep-alive
X-Powered-By: Express
Access-Control-Allow-Origin: *
Content-Type: application/json; charset=utf-8
Content-Length: 165
Etag: W/"a5-DZhrAK2/M2H5I07/c1PhbuScesE"
Date: Mon, 27 Nov 2023 06:14:00 GMT
Via: 1.1 vegur

{
    "isCompleted": false,
    "_id": "656433a87d8f9a0014c85b7f",
    "item": "Selenium Framework",
    "userID": "656433a37d8f9a0014c85b7d",
    "createdAt": "2023-11-27T06:14:00.338Z",
    "__v": 0
}
]]></system-out>
    <system-err><![CDATA[1701065630435	Marionette	INFO	Stopped listening on port 58816
]]></system-err>
  </testcase>
  <testcase name="shouldBeAbleToDeleteTodo" classname="com.qacart.todo.testcases.TodoTest" time="20.902">
    <system-err><![CDATA[1701065644676	Marionette	INFO	Stopped listening on port 58815
]]></system-err>
  </testcase>
</testsuite>